### ISSUE TITLE
Kodi from Debian: segfault in PythonLanguageHook when shutting down

### ISSUE THREAD

**Issue by basilgello** [xbmc/xbmc#19027]
### Describe the bug

A Debian user reported a crash on Kodi shutdown in Debian testing (bullseye): https://bugs.debian.org/979367

## Expected Behavior

Kodi exits normally

## Actual Behavior

From the original Debian bug report:

```
I have configured kodi in standalone mode using lightdm autologin feature and the kodi.desktop xsession.
When I shutdown the PC using the kodi menu, kodi segfaults and thus lightdm restarts the session.
```

## Possible Fix

At a first glance, the problem lies in `XBMCAddon::Python::PythonLanguageHook::GetAddonId`:

https://github.com/xbmc/xbmc/blob/2d993a1e09427653dec6f2a7ab8972292a3e49e2/xbmc/interfaces/python/LanguageHook.cpp#L123

I think checking `main_module` and `global_dict` to be non-null is nice to have also in:

https://github.com/xbmc/xbmc/blob/2d993a1e09427653dec6f2a7ab8972292a3e49e2/xbmc/interfaces/python/LanguageHook.cpp#L137

and

https://github.com/xbmc/xbmc/blob/2d993a1e09427653dec6f2a7ab8972292a3e49e2/xbmc/interfaces/python/LanguageHook.cpp#L153

However, I could not reproduce the issue in my Debian testing VM yet.

### To Reproduce

1. Deploy a Debian testing VM with following Python addons:

```
CPythonInvoker(0, /home/kodi/.kodi/addons/plugin.video.netflix/service.py): script successfully run
2021-01-05 22:17:21.489 T:708      INFO <general>: Python interpreter interrupted by user
2021-01-05 22:17:21.489 T:709      INFO <general>: CPythonInvoker(1, /home/kodi/.kodi/addons/plugin.video.tubed/resources/lib/service.py): script successfully run
2021-01-05 22:17:21.494 T:709      INFO <general>: Python interpreter interrupted by user
2021-01-05 22:17:21.582 T:710      INFO <general>: CPythonInvoker(2, /home/kodi/.kodi/addons/plugin.video.youtube/resources/lib/startup.py): script successfully run
2021-01-05 22:17:21.602 T:710      INFO <general>: Python interpreter interrupted by user
2021-01-05 22:17:22.063 T:711      INFO <general>: CPythonInvoker(3, /home/kodi/.kodi/addons/script.common.plugin.cache/resources/lib/entry_point.py): script successfully run
2021-01-05 22:17:22.068 T:711      INFO <general>: Python interpreter interrupted by user
2021-01-05 22:17:22.280 T:712      INFO <general>: CPythonInvoker(4, /home/kodi/.kodi/addons/script.module.tubed.api/resources/lib/service.py): script successfully run
2021-01-05 22:17:22.295 T:712      INFO <general>: Python interpreter interrupted by user
2021-01-05 22:17:22.295 T:713      INFO <general>: [script.tubecast] ssdp: Stopping SSDP server
2021-01-05 22:17:22.578 T:713      INFO <general>: CPythonInvoker(5, /home/kodi/.kodi/addons/script.tubecast
```

2. Start Kodi and request to shut it down
3. Experience crash

### Debuglog

The debuglog can be found here: 
[kodi.log.txt](https://github.com/xbmc/xbmc/files/5773054/kodi.log.txt)

### Your Environment
Used Operating system:

 - [ ] Android
 - [ ] iOS
 - [ ] tvOS
 - [x] Linux
 - [ ] OSX
 - [ ] Windows
 - [ ] Windows UWP

 - Operating system version/name: Debian bullseye (testing)
 - Kodi version: 19.0 beta2

**Comment by basilgello** [comment]
I obtained a coredump from the reporter and found out that result of

https://github.com/xbmc/xbmc/blob/2d993a1e09427653dec6f2a7ab8972292a3e49e2/xbmc/interfaces/python/LanguageHook.cpp#L122

is NULL.

@Paxxi can this be caused by main module already GCed on Kodi shutdown? If yes, can we detect it in a way other than:

```c++
    String PythonLanguageHook::GetAddonId()
    {
      XBMC_TRACE;

      // Get a reference to the main module
      // and global dictionary
      PyObject* main_module = PyImport_AddModule("__main__");
      if (!main_module)
        return "";
      PyObject* global_dict = PyModule_GetDict(main_module);
      if (!global_dict)
        return "";
      // Extract a reference to the function "func_name"
      // from the global dictionary
      PyObject* pyid = PyDict_GetItemString(global_dict, "__xbmcaddonid__");
      if (pyid)
        return PyUnicode_AsUTF8(pyid);
      return "";
    }
```

?

**Comment by basilgello** [comment]
The relevant piece of GDB output:

```gdb
(gdb) frame 0
#0  0x00007f0eeb303f6b in PyModule_GetDict () from /lib/x86_64-linux-gnu/libpython3.9.so.1.0
(gdb) x/10i $rip-16
   0x7f0eeb303f5b:	add    BYTE PTR [rax],al
   0x7f0eeb303f5d:	add    BYTE PTR [rax],al
   0x7f0eeb303f5f:	add    BYTE PTR [rbx+0x48],dl
   0x7f0eeb303f62 <PyModule_GetDict+2>:	mov    esi,DWORD PTR [rip+0x40cb30]        # 0x7f0eeb710a98
   0x7f0eeb303f68 <PyModule_GetDict+8>:	mov    rbx,rdi
=> 0x7f0eeb303f6b <PyModule_GetDict+11>:	mov    rdi,QWORD PTR [rdi+0x8]
   0x7f0eeb303f6f <PyModule_GetDict+15>:	cmp    rdi,rsi
   0x7f0eeb303f72 <PyModule_GetDict+18>:	je     0x7f0eeb303f7d <PyModule_GetDict+29>
   0x7f0eeb303f74 <PyModule_GetDict+20>:	call   0x7f0eeb317110 <PyType_IsSubtype>
   0x7f0eeb303f79 <PyModule_GetDict+25>:	test   eax,eax
(gdb) frame 1
#1  0x000056056dfb60e0 in XBMCAddon::Python::PythonLanguageHook::GetAddonId[abi:cxx11]() () at ./xbmc/interfaces/python/LanguageHook.cpp:123
123	in ./xbmc/interfaces/python/LanguageHook.cpp
(gdb) x/10i $rip-16
   0x56056dfb60d0 <_ZN9XBMCAddon6Python18PythonLanguageHook10GetAddonIdB5cxx11Ev+16>:	pop    rsp
   0x56056dfb60d1 <_ZN9XBMCAddon6Python18PythonLanguageHook10GetAddonIdB5cxx11Ev+17>:	and    al,0x10
   0x56056dfb60d3 <_ZN9XBMCAddon6Python18PythonLanguageHook10GetAddonIdB5cxx11Ev+19>:	call   0x56056dcde610 <PyImport_AddModule@plt>
   0x56056dfb60d8 <_ZN9XBMCAddon6Python18PythonLanguageHook10GetAddonIdB5cxx11Ev+24>:	mov    rdi,rax
   0x56056dfb60db <_ZN9XBMCAddon6Python18PythonLanguageHook10GetAddonIdB5cxx11Ev+27>:	call   0x56056dcde620 <PyModule_GetDict@plt>
=> 0x56056dfb60e0 <_ZN9XBMCAddon6Python18PythonLanguageHook10GetAddonIdB5cxx11Ev+32>:	lea    rsi,[rip+0xe6b6e6]        # 0x56056ee217cd
   0x56056dfb60e7 <_ZN9XBMCAddon6Python18PythonLanguageHook10GetAddonIdB5cxx11Ev+39>:	mov    rdi,rax
   0x56056dfb60ea <_ZN9XBMCAddon6Python18PythonLanguageHook10GetAddonIdB5cxx11Ev+42>:	call   0x56056dcde630 <PyDict_GetItemString@plt>
   0x56056dfb60ef <_ZN9XBMCAddon6Python18PythonLanguageHook10GetAddonIdB5cxx11Ev+47>:	test   rax,rax
   0x56056dfb60f2 <_ZN9XBMCAddon6Python18PythonLanguageHook10GetAddonIdB5cxx11Ev+50>:	je     0x56056dfb6130 <_ZN9XBMCAddon6Python18PythonLanguageHook10GetAddonIdB5cxx11Ev+112>
(gdb) info reg rdi rsi rdx rcx r8 r9
rdi            0x0                 0
rsi            0x7f0eeb71d5c0      139702056375744
rdx            0x21                33
rcx            0x7f0e6caa9ab0      139699929389744
r8             0x0                 0
r9             0x1                 1
(gdb)
```

**Comment by Paxxi** [comment]
I'm guessing the real issue is that for some reason a new python instance is launched during shutdown. In the steps above it looks like instance 1-4 gets sent an abort but then instance 5 is launched.

We probably should not run any scripts once we have started shutting down but I can't remember if there's any checks against that currently.

**Comment by basilgello** [comment]
>I'm guessing the real issue is that for some reason a new python instance is launched during shutdown. In the steps above it looks like instance 1-4 gets sent an abort but then instance 5 is launched.
>
>We probably should not run any scripts once we have started shutting down but I can't remember if there's any checks against that currently.

I tried to validate your assumption and I don't think interpreter no.5 is started, according to kodi.log:

```
2021-01-05 22:17:21.457 T:708 INFO <general>: CPythonInvoker(0, /home/kodi/.kodi/addons/plugin.video.netflix/service.py): script successfully run 2021-01-05 22:17:21.489 T:708 INFO <general>: Python interpreter interrupted by user
2021-01-05 22:17:21.489 T:709 INFO <general>: CPythonInvoker(1, /home/kodi/.kodi/addons/plugin.video.tubed/resources/lib/service.py): script successfully run
2021-01-05 22:17:21.494 T:709 INFO <general>: Python interpreter interrupted by user
2021-01-05 22:17:21.582 T:710 INFO <general>: CPythonInvoker(2, /home/kodi/.kodi/addons/plugin.video.youtube/resources/lib/startup.py): script successfully run
2021-01-05 22:17:21.602 T:710 INFO <general>: Python interpreter interrupted by user
2021-01-05 22:17:22.063 T:711 INFO <general>: CPythonInvoker(3, /home/kodi/.kodi/addons/script.common.plugin.cache/resources/lib/entry_point.py): script successfully run
2021-01-05 22:17:22.068 T:711 INFO <general>: Python interpreter interrupted by user
2021-01-05 22:17:22.280 T:712 INFO <general>: CPythonInvoker(4, /home/kodi/.kodi/addons/script.module.tubed.api/resources/lib/service.py): script successfully run
2021-01-05 22:17:22.295 T:712 INFO <general>: Python interpreter interrupted by user
2021-01-05 22:17:22.295 T:713 INFO <general>: [script.tubecast] ssdp: Stopping SSDP server
2021-01-05 22:17:22.578 T:713 INFO <general>: CPythonInvoker(5, /home/kodi/.kodi/addons/script.tubecast/main.py): script successfully run
2021-01-05 22:17:22.597 T:713 INFO <general>: Python interpreter interrupted by user
2021-01-05 22:17:22.598 T:714 INFO <general>: [service.upnext] UpNextMonitor -> Service stopped
2021-01-05 22:17:22.598 T:714 INFO <general>: CPythonInvoker(6, /home/kodi/.kodi/addons/service.upnext/resources/lib/service_entry.py): script successfully run
<last log line before actual crash>
```

I suspect the main module gets unloaded after the last interpreter is ended. The long-term solution might be to ensure we keep that reference until the very last moment.

Good news the patch safeguarding the dereference of in PythonLanguageHook solved the issue for a bug reporter. I will PR the patch today for review in hope to have it merged in 19.0-RC1.

**Comment by basilgello** [comment]
>I'm guessing the real issue is that for some reason a new python instance is launched during shutdown. In the steps above it looks like instance 1-4 gets sent an abort but then instance 5 is launched.
>
>We probably should not run any scripts once we have started shutting down but I can't remember if there's any checks against that currently.

I tried to validate your assumption and I don't think interpreter no.5 is started, according to kodi.log:

```
2021-01-05 22:17:21.457 T:708 INFO <general>: CPythonInvoker(0, /home/kodi/.kodi/addons/plugin.video.netflix/service.py): script successfully run
2021-01-05 22:17:21.489 T:708 INFO <general>: Python interpreter interrupted by user
2021-01-05 22:17:21.489 T:709 INFO <general>: CPythonInvoker(1, /home/kodi/.kodi/addons/plugin.video.tubed/resources/lib/service.py): script successfully run
2021-01-05 22:17:21.494 T:709 INFO <general>: Python interpreter interrupted by user
2021-01-05 22:17:21.582 T:710 INFO <general>: CPythonInvoker(2, /home/kodi/.kodi/addons/plugin.video.youtube/resources/lib/startup.py): script successfully run
2021-01-05 22:17:21.602 T:710 INFO <general>: Python interpreter interrupted by user
2021-01-05 22:17:22.063 T:711 INFO <general>: CPythonInvoker(3, /home/kodi/.kodi/addons/script.common.plugin.cache/resources/lib/entry_point.py): script successfully run
2021-01-05 22:17:22.068 T:711 INFO <general>: Python interpreter interrupted by user
2021-01-05 22:17:22.280 T:712 INFO <general>: CPythonInvoker(4, /home/kodi/.kodi/addons/script.module.tubed.api/resources/lib/service.py): script successfully run
2021-01-05 22:17:22.295 T:712 INFO <general>: Python interpreter interrupted by user
2021-01-05 22:17:22.295 T:713 INFO <general>: [script.tubecast] ssdp: Stopping SSDP server
2021-01-05 22:17:22.578 T:713 INFO <general>: CPythonInvoker(5, /home/kodi/.kodi/addons/script.tubecast/main.py): script successfully run
2021-01-05 22:17:22.597 T:713 INFO <general>: Python interpreter interrupted by user
2021-01-05 22:17:22.598 T:714 INFO <general>: [service.upnext] UpNextMonitor -> Service stopped
2021-01-05 22:17:22.598 T:714 INFO <general>: CPythonInvoker(6, /home/kodi/.kodi/addons/service.upnext/resources/lib/service_entry.py): script successfully run
<last log line before actual crash>
```

I suspect the main module gets unloaded after the last interpreter is ended. The long-term solution might be to ensure we keep that reference until the very last moment.

Good news the patch safeguarding the dereference of in PythonLanguageHook solved the issue for a bug reporter. I will PR the patch today for review in hope to have it merged in 19.0-RC1.
